{"file":"/Users/aniruddhanath/go/src/go-dummy/config/cache.go:30","func":"go-dummy/config.GetRedisClient","level":"info","msg":"...Successfully connected to redis docker container...","time":"2023-09-07T19:26:54+05:30"}
{"file":"/Users/aniruddhanath/go/src/go-dummy/config/cache.go:30","func":"go-dummy/config.GetRedisClient","level":"info","msg":"...Successfully connected to redis docker container...","time":"2023-09-08T13:32:21+05:30"}
{"file":"/Users/aniruddhanath/go/src/go-dummy/config/cache.go:28","func":"go-dummy/config.GetRedisClient","level":"info","msg":"Error while creating Redis connection : dial tcp [::1]:6379: connect: connection refused","time":"2023-10-14T09:14:47+05:30"}
{"file":"/Users/aniruddhanath/go/src/go-dummy/config/cache.go:30","func":"go-dummy/config.GetRedisClient","level":"info","msg":"...Successfully connected to redis docker container...","time":"2023-10-14T09:14:47+05:30"}
{"file":"/Users/aniruddhanath/go/src/go-dummy/config/cache.go:28","func":"go-dummy/config.GetRedisClient","level":"info","msg":"Error while creating Redis connection : dial tcp [::1]:6379: connect: connection refused","time":"2023-10-14T23:45:28+05:30"}
{"file":"/Users/aniruddhanath/go/src/go-dummy/config/cache.go:30","func":"go-dummy/config.GetRedisClient","level":"info","msg":"...Successfully connected to redis docker container...","time":"2023-10-14T23:45:28+05:30"}
{"file":"/Users/aniruddhanath/go/src/go-dummy-project/go-dummy/server/server.go:30","func":"go-dummy-project/go-dummy/server.StartServer","level":"info","msg":"failed to listen: listen tcp :9000: bind: address already in use","time":"2023-10-15T07:27:33+05:30"}
{"file":"/Users/aniruddhanath/go/src/go-dummy-project/go-dummy/server/server.go:46","func":"go-dummy-project/go-dummy/server.(*Server).TestServer","level":"info","msg":"Received request from client: Client to Server test message","time":"2023-10-15T07:31:35+05:30"}
{"file":"/Users/aniruddhanath/go/src/go-dummy-project/go-dummy/server/server.go:47","func":"go-dummy-project/go-dummy/server.(*Server).TestServer","level":"info","msg":"Hi I am GRPC server!!!","time":"2023-10-15T07:31:35+05:30"}
{"file":"/Users/aniruddhanath/go/src/go-dummy-project/go-dummy/server/server.go:46","func":"go-dummy-project/go-dummy/server.(*Server).TestServer","level":"info","msg":"Received request from client: testing-grpc-application","time":"2023-10-15T09:24:16+05:30"}
{"file":"/Users/aniruddhanath/go/src/go-dummy-project/go-dummy/server/server.go:47","func":"go-dummy-project/go-dummy/server.(*Server).TestServer","level":"info","msg":"Hi I am GRPC server!!!","time":"2023-10-15T09:24:16+05:30"}
{"file":"/Users/aniruddhanath/go/src/go-dummy-project/go-dummy/common/env_loader.go:18","func":"go-dummy-project/go-dummy/common.init.0","level":"fatal","msg":"Failed to read the environment variables, open .env: no such file or directory","time":"2023-10-15T23:18:32+05:30"}
{"file":"/Users/aniruddhanath/go/src/go-dummy-project/go-dummy/common/env_loader.go:18","func":"go-dummy-project/go-dummy/common.init.0","level":"fatal","msg":"Failed to read the environment variables, open .env: no such file or directory","time":"2023-10-15T23:20:50+05:30"}
{"file":"/Users/aniruddhanath/go/src/go-dummy-project/go-dummy/server/server.go:66","func":"go-dummy-project/go-dummy/server.(*Server).TestStreamClientServer","level":"info","msg":"Request: TestReq:\"Test request 1\", count: 1","time":"2023-10-15T23:22:47+05:30"}
{"file":"/Users/aniruddhanath/go/src/go-dummy-project/go-dummy/server/server.go:66","func":"go-dummy-project/go-dummy/server.(*Server).TestStreamClientServer","level":"info","msg":"Request: TestReq:\"Test request 2\", count: 2","time":"2023-10-15T23:22:47+05:30"}
{"file":"/Users/aniruddhanath/go/src/go-dummy-project/go-dummy/server/server.go:66","func":"go-dummy-project/go-dummy/server.(*Server).TestStreamClientServer","level":"info","msg":"Request: TestReq:\"Test request 3\", count: 3","time":"2023-10-15T23:22:47+05:30"}
{"file":"/Users/aniruddhanath/go/src/go-dummy-project/go-dummy/server/server.go:66","func":"go-dummy-project/go-dummy/server.(*Server).TestStreamClientServer","level":"info","msg":"Request: TestReq:\"Test request 4\", count: 4","time":"2023-10-15T23:22:47+05:30"}
{"file":"/Users/aniruddhanath/go/src/go-dummy-project/go-dummy/server/server.go:72","func":"go-dummy-project/go-dummy/server.(*Server).TestStreamServer","level":"info","msg":"Request Info: Get data stream from server","time":"2023-10-16T17:48:40+05:30"}
{"file":"/Users/aniruddhanath/go/src/go-dummy-project/go-dummy/server/server.go:72","func":"go-dummy-project/go-dummy/server.(*Server).TestStreamServer","level":"info","msg":"Request Info: Get data stream from server","time":"2023-10-16T17:50:15+05:30"}
{"file":"/Users/aniruddhanath/go/src/go-dummy-project/go-dummy/server/server.go:72","func":"go-dummy-project/go-dummy/server.(*Server).TestStreamServer","level":"info","msg":"Request Info: Get data stream from server","time":"2023-10-16T17:54:48+05:30"}
{"file":"/Users/aniruddhanath/go/src/go-dummy-project/go-dummy/server/server.go:72","func":"go-dummy-project/go-dummy/server.(*Server).TestStreamServer","level":"info","msg":"Request Info: Get data stream from server","time":"2023-10-16T17:55:21+05:30"}
{"file":"/Users/aniruddhanath/go/src/go-dummy-project/go-dummy/common/env_loader.go:18","func":"go-dummy-project/go-dummy/common.init.0","level":"fatal","msg":"Failed to read the environment variables, open .env: no such file or directory","time":"2023-10-17T08:21:51+05:30"}
{"file":"/Users/aniruddhanath/go/src/go-dummy-project/go-dummy/server/server.go:105","func":"go-dummy-project/go-dummy/server.(*Server).TestBiDirectionalClientServer","level":"info","msg":"Message from clinent: 0","time":"2023-10-17T08:22:48+05:30"}
{"file":"/Users/aniruddhanath/go/src/go-dummy-project/go-dummy/server/server.go:105","func":"go-dummy-project/go-dummy/server.(*Server).TestBiDirectionalClientServer","level":"info","msg":"Message from clinent: 1","time":"2023-10-17T08:22:48+05:30"}
{"file":"/Users/aniruddhanath/go/src/go-dummy-project/go-dummy/server/server.go:105","func":"go-dummy-project/go-dummy/server.(*Server).TestBiDirectionalClientServer","level":"info","msg":"Message from clinent: 2","time":"2023-10-17T08:22:48+05:30"}
{"file":"/Users/aniruddhanath/go/src/go-dummy-project/go-dummy/server/server.go:105","func":"go-dummy-project/go-dummy/server.(*Server).TestBiDirectionalClientServer","level":"info","msg":"Message from clinent: 3","time":"2023-10-17T08:22:48+05:30"}
{"file":"/Users/aniruddhanath/go/src/go-dummy-project/go-dummy/server/server.go:105","func":"go-dummy-project/go-dummy/server.(*Server).TestBiDirectionalClientServer","level":"info","msg":"Message from clinent: 4","time":"2023-10-17T08:22:48+05:30"}
{"file":"/Users/aniruddhanath/go/src/go-dummy-project/go-dummy/server/server.go:105","func":"go-dummy-project/go-dummy/server.(*Server).TestBiDirectionalClientServer","level":"info","msg":"Message from clinent: 5","time":"2023-10-17T08:22:48+05:30"}
{"file":"/Users/aniruddhanath/go/src/go-dummy-project/go-dummy/server/server.go:105","func":"go-dummy-project/go-dummy/server.(*Server).TestBiDirectionalClientServer","level":"info","msg":"Message from clinent: 6","time":"2023-10-17T08:22:48+05:30"}
{"file":"/Users/aniruddhanath/go/src/go-dummy-project/go-dummy/server/server.go:105","func":"go-dummy-project/go-dummy/server.(*Server).TestBiDirectionalClientServer","level":"info","msg":"Message from clinent: 7","time":"2023-10-17T08:22:48+05:30"}
{"file":"/Users/aniruddhanath/go/src/go-dummy-project/go-dummy/server/server.go:105","func":"go-dummy-project/go-dummy/server.(*Server).TestBiDirectionalClientServer","level":"info","msg":"Message from clinent: 8","time":"2023-10-17T08:22:48+05:30"}
{"file":"/Users/aniruddhanath/go/src/go-dummy-project/go-dummy/server/server.go:105","func":"go-dummy-project/go-dummy/server.(*Server).TestBiDirectionalClientServer","level":"info","msg":"Message from clinent: 9","time":"2023-10-17T08:22:48+05:30"}
{"file":"/Users/aniruddhanath/go/src/go-dummy-project/go-dummy/server/server.go:105","func":"go-dummy-project/go-dummy/server.(*Server).TestBiDirectionalClientServer","level":"info","msg":"Client Request: Message from clinent: 0\n","time":"2023-10-17T08:24:18+05:30"}
{"file":"/Users/aniruddhanath/go/src/go-dummy-project/go-dummy/server/server.go:105","func":"go-dummy-project/go-dummy/server.(*Server).TestBiDirectionalClientServer","level":"info","msg":"Client Request: Message from clinent: 1\n","time":"2023-10-17T08:24:18+05:30"}
{"file":"/Users/aniruddhanath/go/src/go-dummy-project/go-dummy/server/server.go:105","func":"go-dummy-project/go-dummy/server.(*Server).TestBiDirectionalClientServer","level":"info","msg":"Client Request: Message from clinent: 2\n","time":"2023-10-17T08:24:18+05:30"}
{"file":"/Users/aniruddhanath/go/src/go-dummy-project/go-dummy/server/server.go:105","func":"go-dummy-project/go-dummy/server.(*Server).TestBiDirectionalClientServer","level":"info","msg":"Client Request: Message from clinent: 3\n","time":"2023-10-17T08:24:18+05:30"}
{"file":"/Users/aniruddhanath/go/src/go-dummy-project/go-dummy/server/server.go:105","func":"go-dummy-project/go-dummy/server.(*Server).TestBiDirectionalClientServer","level":"info","msg":"Client Request: Message from clinent: 4\n","time":"2023-10-17T08:24:18+05:30"}
{"file":"/Users/aniruddhanath/go/src/go-dummy-project/go-dummy/server/server.go:105","func":"go-dummy-project/go-dummy/server.(*Server).TestBiDirectionalClientServer","level":"info","msg":"Client Request: Message from clinent: 5\n","time":"2023-10-17T08:24:18+05:30"}
{"file":"/Users/aniruddhanath/go/src/go-dummy-project/go-dummy/server/server.go:105","func":"go-dummy-project/go-dummy/server.(*Server).TestBiDirectionalClientServer","level":"info","msg":"Client Request: Message from clinent: 6\n","time":"2023-10-17T08:24:18+05:30"}
{"file":"/Users/aniruddhanath/go/src/go-dummy-project/go-dummy/server/server.go:105","func":"go-dummy-project/go-dummy/server.(*Server).TestBiDirectionalClientServer","level":"info","msg":"Client Request: Message from clinent: 7\n","time":"2023-10-17T08:24:18+05:30"}
{"file":"/Users/aniruddhanath/go/src/go-dummy-project/go-dummy/server/server.go:105","func":"go-dummy-project/go-dummy/server.(*Server).TestBiDirectionalClientServer","level":"info","msg":"Client Request: Message from clinent: 8\n","time":"2023-10-17T08:24:18+05:30"}
{"file":"/Users/aniruddhanath/go/src/go-dummy-project/go-dummy/server/server.go:105","func":"go-dummy-project/go-dummy/server.(*Server).TestBiDirectionalClientServer","level":"info","msg":"Client Request: Message from clinent: 9\n","time":"2023-10-17T08:24:18+05:30"}
{"file":"/Users/aniruddhanath/go/src/go-dummy-project/go-dummy/server/server.go:105","func":"go-dummy-project/go-dummy/server.(*Server).TestBiDirectionalClientServer","level":"info","msg":"Client Request: Message from clinent: 0\n","time":"2023-10-17T08:24:21+05:30"}
{"file":"/Users/aniruddhanath/go/src/go-dummy-project/go-dummy/server/server.go:105","func":"go-dummy-project/go-dummy/server.(*Server).TestBiDirectionalClientServer","level":"info","msg":"Client Request: Message from clinent: 1\n","time":"2023-10-17T08:24:21+05:30"}
{"file":"/Users/aniruddhanath/go/src/go-dummy-project/go-dummy/server/server.go:105","func":"go-dummy-project/go-dummy/server.(*Server).TestBiDirectionalClientServer","level":"info","msg":"Client Request: Message from clinent: 2\n","time":"2023-10-17T08:24:21+05:30"}
{"file":"/Users/aniruddhanath/go/src/go-dummy-project/go-dummy/server/server.go:105","func":"go-dummy-project/go-dummy/server.(*Server).TestBiDirectionalClientServer","level":"info","msg":"Client Request: Message from clinent: 3\n","time":"2023-10-17T08:24:21+05:30"}
{"file":"/Users/aniruddhanath/go/src/go-dummy-project/go-dummy/server/server.go:105","func":"go-dummy-project/go-dummy/server.(*Server).TestBiDirectionalClientServer","level":"info","msg":"Client Request: Message from clinent: 4\n","time":"2023-10-17T08:24:21+05:30"}
{"file":"/Users/aniruddhanath/go/src/go-dummy-project/go-dummy/server/server.go:105","func":"go-dummy-project/go-dummy/server.(*Server).TestBiDirectionalClientServer","level":"info","msg":"Client Request: Message from clinent: 5\n","time":"2023-10-17T08:24:21+05:30"}
{"file":"/Users/aniruddhanath/go/src/go-dummy-project/go-dummy/server/server.go:105","func":"go-dummy-project/go-dummy/server.(*Server).TestBiDirectionalClientServer","level":"info","msg":"Client Request: Message from clinent: 6\n","time":"2023-10-17T08:24:21+05:30"}
{"file":"/Users/aniruddhanath/go/src/go-dummy-project/go-dummy/server/server.go:105","func":"go-dummy-project/go-dummy/server.(*Server).TestBiDirectionalClientServer","level":"info","msg":"Client Request: Message from clinent: 7\n","time":"2023-10-17T08:24:21+05:30"}
{"file":"/Users/aniruddhanath/go/src/go-dummy-project/go-dummy/server/server.go:105","func":"go-dummy-project/go-dummy/server.(*Server).TestBiDirectionalClientServer","level":"info","msg":"Client Request: Message from clinent: 8\n","time":"2023-10-17T08:24:21+05:30"}
{"file":"/Users/aniruddhanath/go/src/go-dummy-project/go-dummy/server/server.go:105","func":"go-dummy-project/go-dummy/server.(*Server).TestBiDirectionalClientServer","level":"info","msg":"Client Request: Message from clinent: 9\n","time":"2023-10-17T08:24:21+05:30"}
{"file":"/Users/aniruddhanath/go/src/go-dummy-project/go-dummy/server/server.go:105","func":"go-dummy-project/go-dummy/server.(*Server).TestBiDirectionalClientServer","level":"info","msg":"Client Request: Message from clinent: 0\n","time":"2023-10-17T08:24:28+05:30"}
{"file":"/Users/aniruddhanath/go/src/go-dummy-project/go-dummy/server/server.go:105","func":"go-dummy-project/go-dummy/server.(*Server).TestBiDirectionalClientServer","level":"info","msg":"Client Request: Message from clinent: 1\n","time":"2023-10-17T08:24:28+05:30"}
{"file":"/Users/aniruddhanath/go/src/go-dummy-project/go-dummy/server/server.go:105","func":"go-dummy-project/go-dummy/server.(*Server).TestBiDirectionalClientServer","level":"info","msg":"Client Request: Message from clinent: 2\n","time":"2023-10-17T08:24:28+05:30"}
{"file":"/Users/aniruddhanath/go/src/go-dummy-project/go-dummy/server/server.go:105","func":"go-dummy-project/go-dummy/server.(*Server).TestBiDirectionalClientServer","level":"info","msg":"Client Request: Message from clinent: 3\n","time":"2023-10-17T08:24:28+05:30"}
{"file":"/Users/aniruddhanath/go/src/go-dummy-project/go-dummy/server/server.go:105","func":"go-dummy-project/go-dummy/server.(*Server).TestBiDirectionalClientServer","level":"info","msg":"Client Request: Message from clinent: 4\n","time":"2023-10-17T08:24:28+05:30"}
{"file":"/Users/aniruddhanath/go/src/go-dummy-project/go-dummy/server/server.go:105","func":"go-dummy-project/go-dummy/server.(*Server).TestBiDirectionalClientServer","level":"info","msg":"Client Request: Message from clinent: 5\n","time":"2023-10-17T08:24:28+05:30"}
{"file":"/Users/aniruddhanath/go/src/go-dummy-project/go-dummy/server/server.go:105","func":"go-dummy-project/go-dummy/server.(*Server).TestBiDirectionalClientServer","level":"info","msg":"Client Request: Message from clinent: 6\n","time":"2023-10-17T08:24:28+05:30"}
{"file":"/Users/aniruddhanath/go/src/go-dummy-project/go-dummy/server/server.go:105","func":"go-dummy-project/go-dummy/server.(*Server).TestBiDirectionalClientServer","level":"info","msg":"Client Request: Message from clinent: 7\n","time":"2023-10-17T08:24:28+05:30"}
{"file":"/Users/aniruddhanath/go/src/go-dummy-project/go-dummy/server/server.go:105","func":"go-dummy-project/go-dummy/server.(*Server).TestBiDirectionalClientServer","level":"info","msg":"Client Request: Message from clinent: 8\n","time":"2023-10-17T08:24:28+05:30"}
{"file":"/Users/aniruddhanath/go/src/go-dummy-project/go-dummy/server/server.go:105","func":"go-dummy-project/go-dummy/server.(*Server).TestBiDirectionalClientServer","level":"info","msg":"Client Request: Message from clinent: 9\n","time":"2023-10-17T08:24:28+05:30"}
{"file":"/Users/aniruddhanath/go/src/go-dummy-project/go-dummy/server/server.go:105","func":"go-dummy-project/go-dummy/server.(*Server).TestBiDirectionalClientServer","level":"info","msg":"Client Request: Message from clinent: 0\n","time":"2023-10-17T08:24:53+05:30"}
{"file":"/Users/aniruddhanath/go/src/go-dummy-project/go-dummy/server/server.go:105","func":"go-dummy-project/go-dummy/server.(*Server).TestBiDirectionalClientServer","level":"info","msg":"Client Request: Message from clinent: 1\n","time":"2023-10-17T08:24:53+05:30"}
{"file":"/Users/aniruddhanath/go/src/go-dummy-project/go-dummy/server/server.go:105","func":"go-dummy-project/go-dummy/server.(*Server).TestBiDirectionalClientServer","level":"info","msg":"Client Request: Message from clinent: 2\n","time":"2023-10-17T08:24:53+05:30"}
{"file":"/Users/aniruddhanath/go/src/go-dummy-project/go-dummy/server/server.go:105","func":"go-dummy-project/go-dummy/server.(*Server).TestBiDirectionalClientServer","level":"info","msg":"Client Request: Message from clinent: 3\n","time":"2023-10-17T08:24:53+05:30"}
{"file":"/Users/aniruddhanath/go/src/go-dummy-project/go-dummy/server/server.go:105","func":"go-dummy-project/go-dummy/server.(*Server).TestBiDirectionalClientServer","level":"info","msg":"Client Request: Message from clinent: 4\n","time":"2023-10-17T08:24:53+05:30"}
{"file":"/Users/aniruddhanath/go/src/go-dummy-project/go-dummy/server/server.go:105","func":"go-dummy-project/go-dummy/server.(*Server).TestBiDirectionalClientServer","level":"info","msg":"Client Request: Message from clinent: 5\n","time":"2023-10-17T08:24:53+05:30"}
{"file":"/Users/aniruddhanath/go/src/go-dummy-project/go-dummy/server/server.go:105","func":"go-dummy-project/go-dummy/server.(*Server).TestBiDirectionalClientServer","level":"info","msg":"Client Request: Message from clinent: 6\n","time":"2023-10-17T08:24:53+05:30"}
{"file":"/Users/aniruddhanath/go/src/go-dummy-project/go-dummy/server/server.go:105","func":"go-dummy-project/go-dummy/server.(*Server).TestBiDirectionalClientServer","level":"info","msg":"Client Request: Message from clinent: 7\n","time":"2023-10-17T08:24:53+05:30"}
{"file":"/Users/aniruddhanath/go/src/go-dummy-project/go-dummy/server/server.go:105","func":"go-dummy-project/go-dummy/server.(*Server).TestBiDirectionalClientServer","level":"info","msg":"Client Request: Message from clinent: 8\n","time":"2023-10-17T08:24:53+05:30"}
{"file":"/Users/aniruddhanath/go/src/go-dummy-project/go-dummy/server/server.go:105","func":"go-dummy-project/go-dummy/server.(*Server).TestBiDirectionalClientServer","level":"info","msg":"Client Request: Message from clinent: 9\n","time":"2023-10-17T08:24:53+05:30"}
